Android/Armatus Android App/proguard.cfg
-libraryjars libs/guava-16.0.1.jar
-libraryjars libs/jsr305-2.0.3.jar
-dontwarn sun.misc.Unsafe
-dontwarn com.google.common.collect.MinMaxPriorityQueue