Android/Armatus Android App/proguard_logs/seeds.txt
edu.kufpg.armatus.BaseActivity: BaseActivity()
edu.kufpg.armatus.BaseApplication
edu.kufpg.armatus.BaseApplication: BaseApplication()
edu.kufpg.armatus.MainActivity
edu.kufpg.armatus.MainActivity: MainActivity()
edu.kufpg.armatus.Prefs$EditMode: edu.kufpg.armatus.Prefs$EditMode[] values()
edu.kufpg.armatus.Prefs$EditMode: edu.kufpg.armatus.Prefs$EditMode valueOf(java.lang.String)
edu.kufpg.armatus.Prefs$NetworkSource: edu.kufpg.armatus.Prefs$NetworkSource[] values()
edu.kufpg.armatus.Prefs$NetworkSource: edu.kufpg.armatus.Prefs$NetworkSource valueOf(java.lang.String)
edu.kufpg.armatus.Prefs$Theme: edu.kufpg.armatus.Prefs$Theme[] values()
edu.kufpg.armatus.Prefs$Theme: edu.kufpg.armatus.Prefs$Theme valueOf(java.lang.String)
edu.kufpg.armatus.PrefsActivity
edu.kufpg.armatus.PrefsActivity: PrefsActivity()
edu.kufpg.armatus.R$array: int app_theme_entries
edu.kufpg.armatus.R$array: int app_theme_values
edu.kufpg.armatus.R$array: int edit_mode_entries
edu.kufpg.armatus.R$array: int edit_mode_values
edu.kufpg.armatus.R$array: int network_source_entries
edu.kufpg.armatus.R$array: int network_source_values
edu.kufpg.armatus.R$attr: int actionCancel
edu.kufpg.armatus.R$attr: int actionComplete
edu.kufpg.armatus.R$attr: int actionCopy
edu.kufpg.armatus.R$attr: int actionFindNext
edu.kufpg.armatus.R$attr: int actionFindPrevious
edu.kufpg.armatus.R$attr: int actionGestures
edu.kufpg.armatus.R$attr: int actionNextGlyph
edu.kufpg.armatus.R$attr: int actionPrevGlyph
edu.kufpg.armatus.R$attr: int actionRedo
edu.kufpg.armatus.R$attr: int actionSearch
edu.kufpg.armatus.R$attr: int actionSelect
edu.kufpg.armatus.R$attr: int actionSwap
edu.kufpg.armatus.R$attr: int actionUndo
edu.kufpg.armatus.R$attr: int actionWrapGlyphs
edu.kufpg.armatus.R$attr: int activityDialog
edu.kufpg.armatus.R$attr: int behindOffset
edu.kufpg.armatus.R$attr: int behindScrollScale
edu.kufpg.armatus.R$attr: int behindWidth
edu.kufpg.armatus.R$attr: int codeColor
edu.kufpg.armatus.R$attr: int collapsible
edu.kufpg.armatus.R$attr: int commandExpandableMenuGroupBackground
edu.kufpg.armatus.R$attr: int consoleBackgroundColor
edu.kufpg.armatus.R$attr: int consoleListSelector
edu.kufpg.armatus.R$attr: int expanderClose
edu.kufpg.armatus.R$attr: int expanderGroup
edu.kufpg.armatus.R$attr: int expanderOpen
edu.kufpg.armatus.R$attr: int fadeDegree
edu.kufpg.armatus.R$attr: int fadeEnabled
edu.kufpg.armatus.R$attr: int handle_trackball_press
edu.kufpg.armatus.R$attr: int indent_width
edu.kufpg.armatus.R$attr: int indicator_background
edu.kufpg.armatus.R$attr: int indicator_gravity
edu.kufpg.armatus.R$attr: int internalLayout
edu.kufpg.armatus.R$color: int command_expandable_menu_background_dark
edu.kufpg.armatus.R$color: int command_expandable_menu_background_light
edu.kufpg.armatus.R$color: int transparent
edu.kufpg.armatus.R$dimen: int activity_horizontal_margin
edu.kufpg.armatus.R$dimen: int activity_vertical_margin
edu.kufpg.armatus.R$dimen: int entry_padding
edu.kufpg.armatus.R$dimen: int list_item_padding
edu.kufpg.armatus.R$dimen: int list_padding
edu.kufpg.armatus.R$dimen: int shadow_width
...
net.simonvt.numberpicker.NumberPicker$CustomEditText
net.simonvt.numberpicker.NumberPicker$CustomEditText: NumberPicker$CustomEditText(android.content.Context,android.util.AttributeSet)
net.simonvt.numberpicker.NumberPicker$SavedState
net.simonvt.numberpicker.NumberPicker$SavedState: android.os.Parcelable$Creator CREATOR
net.simonvt.numberpicker.R$attr: int internalLayout
net.simonvt.numberpicker.R$attr: int internalMaxHeight
net.simonvt.numberpicker.R$attr: int internalMaxWidth
net.simonvt.numberpicker.R$attr: int internalMinHeight
net.simonvt.numberpicker.R$attr: int internalMinWidth
net.simonvt.numberpicker.R$attr: int numberPickerStyle
net.simonvt.numberpicker.R$attr: int selectionDivider
net.simonvt.numberpicker.R$attr: int selectionDividerHeight
net.simonvt.numberpicker.R$attr: int selectionDividersDistance
net.simonvt.numberpicker.R$attr: int solidColor
net.simonvt.numberpicker.R$attr: int virtualButtonPressedDrawable
net.simonvt.numberpicker.R$color: int transparent
net.simonvt.numberpicker.R$drawable: int item_background_holo_dark
net.simonvt.numberpicker.R$drawable: int item_background_holo_light
net.simonvt.numberpicker.R$drawable: int list_focused_holo
net.simonvt.numberpicker.R$drawable: int list_longpressed_holo
net.simonvt.numberpicker.R$drawable: int list_pressed_holo_dark
net.simonvt.numberpicker.R$drawable: int list_pressed_holo_light
net.simonvt.numberpicker.R$drawable: int list_selector_background_transition_holo_dark
net.simonvt.numberpicker.R$drawable: int list_selector_background_transition_holo_light
net.simonvt.numberpicker.R$drawable: int list_selector_disabled_holo_dark
net.simonvt.numberpicker.R$drawable: int list_selector_disabled_holo_light
net.simonvt.numberpicker.R$drawable: int np_numberpicker_selection_divider
net.simonvt.numberpicker.R$id: int np__decrement
net.simonvt.numberpicker.R$id: int np__increment
net.simonvt.numberpicker.R$id: int np__numberpicker_input
net.simonvt.numberpicker.R$layout: int number_picker_with_selector_wheel
net.simonvt.numberpicker.R$style: int NPWidget
net.simonvt.numberpicker.R$style: int NPWidget_Holo_Light_NumberPicker
net.simonvt.numberpicker.R$style: int NPWidget_Holo_NumberPicker
net.simonvt.numberpicker.R$style: int NPWidget_NumberPicker
net.simonvt.numberpicker.R$styleable: int[] NumberPicker
net.simonvt.numberpicker.R$styleable: int NumberPicker_internalLayout
net.simonvt.numberpicker.R$styleable: int NumberPicker_internalMaxHeight
net.simonvt.numberpicker.R$styleable: int NumberPicker_internalMaxWidth
net.simonvt.numberpicker.R$styleable: int NumberPicker_internalMinHeight
net.simonvt.numberpicker.R$styleable: int NumberPicker_internalMinWidth
net.simonvt.numberpicker.R$styleable: int NumberPicker_selectionDivider
net.simonvt.numberpicker.R$styleable: int NumberPicker_selectionDividerHeight
net.simonvt.numberpicker.R$styleable: int NumberPicker_selectionDividersDistance
net.simonvt.numberpicker.R$styleable: int NumberPicker_solidColor
net.simonvt.numberpicker.R$styleable: int NumberPicker_virtualButtonPressedDrawable
org.apache.commons.collections4.bidimap.TreeBidiMap$DataElement: org.apache.commons.collections4.bidimap.TreeBidiMap$DataElement[] values()
org.apache.commons.collections4.bidimap.TreeBidiMap$DataElement: org.apache.commons.collections4.bidimap.TreeBidiMap$DataElement valueOf(java.lang.String)
org.apache.commons.collections4.comparators.FixedOrderComparator$UnknownObjectBehavior: org.apache.commons.collections4.comparators.FixedOrderComparator$UnknownObjectBehavior[] values()
org.apache.commons.collections4.comparators.FixedOrderComparator$UnknownObjectBehavior: org.apache.commons.collections4.comparators.FixedOrderComparator$UnknownObjectBehavior valueOf(java.lang.String)