Android/Armatus Android App/proguard_logs/mapping.txt
edu.kufpg.armatus.AsyncActivityTask -> edu.kufpg.armatus.a:
    edu.kufpg.armatus.BaseApplication mApp -> a
    java.lang.ref.WeakReference mActivityRef -> b
    android.app.Activity getActivity() -> a
    void attachActivity(android.app.Activity) -> a
    void detachActivity() -> b
    void onActivityAttached() -> c
    void onActivityDetached() -> d
    void onPreExecute() -> onPreExecute
    void onPostExecute(java.lang.Object) -> onPostExecute
    void onCancelled(java.lang.Object) -> onCancelled
edu.kufpg.armatus.BaseActivity -> edu.kufpg.armatus.b:
    edu.kufpg.armatus.Prefs$Theme sThemeId -> a
    void onCreate(android.os.Bundle) -> onCreate
    boolean onCreateOptionsMenu(android.view.Menu) -> onCreateOptionsMenu
    boolean onOptionsItemSelected(android.view.MenuItem) -> onOptionsItemSelected
    void onResume() -> onResume
    void showToast(java.lang.String) -> a
    boolean appInstalledOrNot(android.content.Context,java.lang.String) -> a
edu.kufpg.armatus.BaseApplication -> edu.kufpg.armatus.BaseApplication:
    com.google.common.collect.ListMultimap mActivityTaskMap -> a
    void onCreate() -> onCreate
    void removeTask(android.app.Activity,edu.kufpg.armatus.AsyncActivityTask) -> a
    void addTask(android.app.Activity,edu.kufpg.armatus.AsyncActivityTask) -> b
    void detachActivity(android.app.Activity) -> a
    void attachActivity(android.app.Activity) -> b
    void cancelTasks(android.app.Activity) -> c
edu.kufpg.armatus.BaseApplication$TaskCallbacks -> edu.kufpg.armatus.c:
    edu.kufpg.armatus.BaseApplication mApp -> a
    void onActivityResumed(android.app.Activity) -> onActivityResumed
    void onActivitySaveInstanceState(android.app.Activity,android.os.Bundle) -> onActivitySaveInstanceState
    void onActivityCreated(android.app.Activity,android.os.Bundle) -> onActivityCreated
    void onActivityStarted(android.app.Activity) -> onActivityStarted
    void onActivityPaused(android.app.Activity) -> onActivityPaused
    void onActivityStopped(android.app.Activity) -> onActivityStopped
    void onActivityDestroyed(android.app.Activity) -> onActivityDestroyed
edu.kufpg.armatus.Constants -> edu.kufpg.armatus.d:
    java.lang.String CACHE_DIR -> a
    java.lang.String PACKAGE_NAME -> b
    java.lang.String DEVICE_NAME -> c
    void initConstants(android.content.Context) -> a
edu.kufpg.armatus.MainActivity -> edu.kufpg.armatus.MainActivity:
    android.widget.TextView mButtonsView -> a
    edu.kufpg.armatus.util.StickyButton mStickyButton -> b
    android.widget.Button mConsoleButton -> c
    android.widget.Button mTutorialButton -> d
    android.widget.Button mUnstickButton -> e
    android.widget.Button mTreeButton -> f
    android.widget.Button mTerminalButton -> g
    int mNumTextChanges -> h
    void onCreate(android.os.Bundle) -> onCreate
    void onSaveInstanceState(android.os.Bundle) -> onSaveInstanceState
    void onRestoreInstanceState(android.os.Bundle) -> onRestoreInstanceState
    void setCodeText(int) -> a
    int access$008(edu.kufpg.armatus.MainActivity) -> a
    int access$000(edu.kufpg.armatus.MainActivity) -> b
    void access$100(edu.kufpg.armatus.MainActivity,int) -> a
    edu.kufpg.armatus.util.StickyButton access$200(edu.kufpg.armatus.MainActivity) -> c
edu.kufpg.armatus.MainActivity$1 -> edu.kufpg.armatus.e:
    edu.kufpg.armatus.MainActivity this$0 -> a
    void onClick(android.view.View) -> onClick
...
com.google.common.collect.RegularImmutableBiMap$NonTerminalBiMapEntry -> com.c.a.b.gj:
    com.google.common.collect.ImmutableMapEntry nextInKeyBucket -> c
    com.google.common.collect.ImmutableMapEntry nextInValueBucket -> d
    com.google.common.collect.ImmutableMapEntry getNextInKeyBucket() -> a
    com.google.common.collect.ImmutableMapEntry getNextInValueBucket() -> b
com.google.common.collect.RegularImmutableList -> com.c.a.b.gk:
    int offset -> a
    int size -> b
    java.lang.Object[] array -> c
    int size() -> size
    boolean isPartialView() -> e
    int copyIntoArray(java.lang.Object[],int) -> a
    java.lang.Object get(int) -> get
    int indexOf(java.lang.Object) -> indexOf
    int lastIndexOf(java.lang.Object) -> lastIndexOf
    com.google.common.collect.ImmutableList subListUnchecked(int,int) -> b
    com.google.common.collect.UnmodifiableListIterator listIterator(int) -> a
    java.util.ListIterator listIterator(int) -> listIterator
com.google.common.collect.RegularImmutableMap -> com.c.a.b.gl:
    com.google.common.collect.ImmutableMapEntry[] entries -> a
    com.google.common.collect.ImmutableMapEntry[] table -> b
    int mask -> c
    void checkNoConflictInBucket(java.lang.Object,com.google.common.collect.ImmutableMapEntry,com.google.common.collect.ImmutableMapEntry) -> a
    com.google.common.collect.ImmutableMapEntry[] createEntryArray(int) -> a
    java.lang.Object get(java.lang.Object) -> get
    int size() -> size
    boolean isPartialView() -> e
    com.google.common.collect.ImmutableSet createEntrySet() -> c
    com.google.common.collect.ImmutableMapEntry[] access$100(com.google.common.collect.RegularImmutableMap) -> a
com.google.common.collect.RegularImmutableMap$1 -> com.c.a.b.gm:
com.google.common.collect.RegularImmutableMap$EntrySet -> com.c.a.b.gn:
    com.google.common.collect.RegularImmutableMap this$0 -> a
    com.google.common.collect.ImmutableMap map() -> d
    com.google.common.collect.UnmodifiableIterator iterator() -> b_
    com.google.common.collect.ImmutableList createAsList() -> f
    java.util.Iterator iterator() -> iterator
com.google.common.collect.RegularImmutableMap$NonTerminalMapEntry -> com.c.a.b.go:
    com.google.common.collect.ImmutableMapEntry nextInKeyBucket -> c
    com.google.common.collect.ImmutableMapEntry getNextInKeyBucket() -> a
    com.google.common.collect.ImmutableMapEntry getNextInValueBucket() -> b
com.google.common.collect.RegularImmutableMultiset -> com.c.a.b.gp:
    com.google.common.collect.ImmutableMap map -> a
    int size -> b
    boolean isPartialView() -> e
    int count(java.lang.Object) -> a
    int size() -> size
    boolean contains(java.lang.Object) -> contains
    com.google.common.collect.ImmutableSet elementSet() -> c
    com.google.common.collect.Multiset$Entry getEntry(int) -> a
    int hashCode() -> hashCode
    java.util.Set elementSet() -> d
com.google.common.collect.RegularImmutableSet -> com.c.a.b.gq:
    java.lang.Object[] elements -> b
    java.lang.Object[] table -> a
    int mask -> c
    int hashCode -> d
    boolean contains(java.lang.Object) -> contains
    int size() -> size
    com.google.common.collect.UnmodifiableIterator iterator() -> b_
    int copyIntoArray(java.lang.Object[],int) -> a
    com.google.common.collect.ImmutableList createAsList() -> f
    boolean isPartialView() -> e
    int hashCode() -> hashCode
    boolean isHashCodeFast() -> d_
    java.util.Iterator iterator() -> iterator