Android/Armatus Android App/proguard_logs/usage.txt
edu.kufpg.armatus.BaseActivity:
    85:90:public void showToast(java.lang.Object)
edu.kufpg.armatus.BuildConfig
edu.kufpg.armatus.Constants:
    18:18:private Constants()
edu.kufpg.armatus.Prefs:
    117:117:private Prefs()
    215:221:public static edu.kufpg.armatus.Prefs$EditMode getEditMode(android.content.Context)
    277:290:public static void setEditMode(android.content.Context,edu.kufpg.armatus.Prefs$EditMode)
    301:302:public static void setIsHistoryDirCustom(android.content.Context,boolean)
    305:315:public static void setNetworkSource(android.content.Context,edu.kufpg.armatus.Prefs$NetworkSource)
edu.kufpg.armatus.PrefsActivity$PrefsFragment:
    private static final int DIR_CHANGE_CODE
edu.kufpg.armatus.R
edu.kufpg.armatus.R$array
edu.kufpg.armatus.R$attr
edu.kufpg.armatus.R$color
edu.kufpg.armatus.R$dimen
edu.kufpg.armatus.R$drawable
edu.kufpg.armatus.R$id
edu.kufpg.armatus.R$layout
edu.kufpg.armatus.R$menu
edu.kufpg.armatus.R$raw
edu.kufpg.armatus.R$string
edu.kufpg.armatus.R$style
edu.kufpg.armatus.R$styleable
edu.kufpg.armatus.R$xml
edu.kufpg.armatus.activity.ConsoleEntryActivity:
    31:31:public edu.kufpg.armatus.console.HermitClient getHermitClient()
edu.kufpg.armatus.activity.ConsoleEntryIntent:
    public static final java.lang.String ENTRY_TAG
    public static final java.lang.String CLIENT_TAG
    23:26:public ConsoleEntryIntent(edu.kufpg.armatus.console.ConsoleEntry,edu.kufpg.armatus.console.HermitClient,android.content.Context,java.lang.Class)
edu.kufpg.armatus.activity.ConsoleEntryScopeActivity$HighlightBackgroundSpan:
    306:307:public ConsoleEntryScopeActivity$HighlightBackgroundSpan(android.os.Parcel)
edu.kufpg.armatus.activity.ConsoleEntryScopeActivity$HighlightTextSpan:
    316:317:public ConsoleEntryScopeActivity$HighlightTextSpan(android.os.Parcel)
edu.kufpg.armatus.activity.ConsoleEntrySelectionActivity:
    private static final int DEFAULT_TEXT_SIZE
edu.kufpg.armatus.activity.ConsoleEntrySelectionActivity2:
    private static final java.lang.String DELIMETER
edu.kufpg.armatus.activity.SelectionTextView:
    33:39:public void removeSelectionWatcher(edu.kufpg.armatus.activity.SelectionTextView$SelectionWatcher)
edu.kufpg.armatus.console.CommandHolder:
    public static final java.lang.String COMMONLY_USED_COMMANDS_TAG
    23:23:private CommandHolder()
    26:26:public static java.lang.String getTag(int)
    30:30:public static int getTagCount()
edu.kufpg.armatus.console.ConsoleActivity:
    public static final int DEFAULT_FONT_SIZE
    public static final int CONSOLE_ENTRY_LIMIT
    private static final int LONG_CLICKED_GROUP
    private static final int DRAGGED_GROUP
    private static final int SCROLL_DURATION
    private static final java.lang.String SCROLL_ENTRIES_TAG
    private static final java.lang.String SELECTION_TAG
    private static final java.lang.String KEYWORD_SWAP_TAG
    private static final java.lang.String WORD_COMPLETION_TAG
    private static final java.lang.String TYPEFACE_PATH
    803:809:public void removeConsoleEntry()
    942:943:public void setInputText(java.lang.String)
edu.kufpg.armatus.console.ConsoleEntry:
    45:46:public ConsoleEntry(int,int,java.lang.String,edu.kufpg.armatus.data.CommandResponse)
    49:50:public ConsoleEntry(int,int,java.lang.String,java.lang.String)
    84:86:public ConsoleEntry(edu.kufpg.armatus.console.ConsoleEntry)
edu.kufpg.armatus.console.ConsoleEntryAdapter$MatchBackgroundSpan:
    177:178:public ConsoleEntryAdapter$MatchBackgroundSpan(android.os.Parcel)
edu.kufpg.armatus.console.ConsoleEntryAdapter$MatchForegroundSpan:
    187:188:public ConsoleEntryAdapter$MatchForegroundSpan(android.os.Parcel)
edu.kufpg.armatus.console.ConsoleWordSearcher:
    private static final int NO_MATCH
edu.kufpg.armatus.console.ConsoleWordSearcher$MatchParams:
    313:317:public ConsoleWordSearcher$MatchParams(edu.kufpg.armatus.console.ConsoleWordSearcher$MatchParams)
...
com.google.common.collect.HashMultimap
com.google.common.collect.HashMultiset
com.google.common.collect.Hashing:
    private static final int C1
    private static final int C2
    33:33:private Hashing()
    51:51:static int smearedHash(java.lang.Object)
    70:70:static boolean needsResizing(int,int,double)
com.google.common.collect.ImmutableAsList:
    77:77:private void readObject(java.io.ObjectInputStream)
    82:82:java.lang.Object writeReplace()
com.google.common.collect.ImmutableAsList$SerializedForm
com.google.common.collect.ImmutableBiMap:
    66:66:public static com.google.common.collect.ImmutableBiMap of(java.lang.Object,java.lang.Object,java.lang.Object,java.lang.Object)
    76:76:public static com.google.common.collect.ImmutableBiMap of(java.lang.Object,java.lang.Object,java.lang.Object,java.lang.Object,java.lang.Object,java.lang.Object)
    86:86:public static com.google.common.collect.ImmutableBiMap of(java.lang.Object,java.lang.Object,java.lang.Object,java.lang.Object,java.lang.Object,java.lang.Object,java.lang.Object,java.lang.Object)
    97:97:public static com.google.common.collect.ImmutableBiMap of(java.lang.Object,java.lang.Object,java.lang.Object,java.lang.Object,java.lang.Object,java.lang.Object,java.lang.Object,java.lang.Object,java.lang.Object,java.lang.Object)
    192:210:public static com.google.common.collect.ImmutableBiMap copyOf(java.util.Map)
    244:244:public java.lang.Object forcePut(java.lang.Object,java.lang.Object)
    268:268:java.lang.Object writeReplace()
    40:40:public bridge synthetic com.google.common.collect.BiMap inverse()
    40:40:public bridge synthetic java.util.Set values()
com.google.common.collect.ImmutableBiMap$Builder:
    156:157:public com.google.common.collect.ImmutableBiMap$Builder putAll(java.util.Map)
    131:131:public bridge synthetic com.google.common.collect.ImmutableMap$Builder putAll(java.util.Map)
com.google.common.collect.ImmutableBiMap$SerializedForm
com.google.common.collect.ImmutableClassToInstanceMap
com.google.common.collect.ImmutableClassToInstanceMap$1
com.google.common.collect.ImmutableClassToInstanceMap$Builder
com.google.common.collect.ImmutableCollection:
    207:207:java.lang.Object writeReplace()
com.google.common.collect.ImmutableCollection$ArrayBasedBuilder:
    347:351:public varargs com.google.common.collect.ImmutableCollection$Builder add(java.lang.Object[])
com.google.common.collect.ImmutableCollection$Builder:
    static final int DEFAULT_INITIAL_CAPACITY
    262:265:public varargs com.google.common.collect.ImmutableCollection$Builder add(java.lang.Object[])
    300:303:public com.google.common.collect.ImmutableCollection$Builder addAll(java.util.Iterator)
com.google.common.collect.ImmutableEntry:
    private static final long serialVersionUID
com.google.common.collect.ImmutableEnumMap
com.google.common.collect.ImmutableEnumMap$1
com.google.common.collect.ImmutableEnumMap$2
com.google.common.collect.ImmutableEnumMap$2$1
com.google.common.collect.ImmutableEnumMap$EnumSerializedForm
com.google.common.collect.ImmutableEnumSet:
    101:101:java.lang.Object writeReplace()
    33:33:synthetic ImmutableEnumSet(java.util.EnumSet,com.google.common.collect.ImmutableEnumSet$1)
com.google.common.collect.ImmutableEnumSet$1
com.google.common.collect.ImmutableEnumSet$EnumSerializedForm